<?xml version="1.0" encoding="UTF-8"?>
<!-- Generated by org.testng.reporters.JUnitXMLReporter -->
<testsuite ignored="0" hostname="DESKTOP-MR26AR9" failures="0" tests="8" name="Default test" time="110.32" errors="0" timestamp="2021-09-22T09:54:06 IST">
  <testcase classname="com.sgtesting.dataprovider.Asignment4" name="launchBrowser" time="16.72"/>
  <testcase classname="com.sgtesting.dataprovider.Asignment4" name="navigate" time="25.114"/>
  <testcase classname="com.sgtesting.dataprovider.Asignment4" name="login" time="27.808"/>
  <testcase classname="com.sgtesting.dataprovider.Asignment4" name="createCustomer" time="18.537"/>
  <testcase classname="com.sgtesting.dataprovider.Asignment4" name="modifycustomer" time="10.988"/>
  <testcase classname="com.sgtesting.dataprovider.Asignment4" name="deletecustomer" time="6.524"/>
  <testcase classname="com.sgtesting.dataprovider.Asignment4" name="logout" time="3.791"/>
  <testcase classname="com.sgtesting.dataprovider.Asignment4" name="closeApplication" time="0.553"/>
</testsuite> <!-- Default test -->
