<?xml version="1.0" encoding="UTF-8"?>
<!-- Generated by org.testng.reporters.JUnitXMLReporter -->
<testsuite hostname="DESKTOP-MR26AR9" ignored="0" name="login" tests="6" failures="0" timestamp="2021-09-16T13:11:09 IST" time="41.289" errors="0">
  <testcase name="launchBrowser" time="8.288" classname="com.sgtesting.dataprovider.LoginLogoutDemo"/>
  <testcase name="navigate" time="7.735" classname="com.sgtesting.dataprovider.LoginLogoutDemo"/>
  <testcase name="login" time="8.287" classname="com.sgtesting.dataprovider.LoginLogoutDemo"/>
  <testcase name="login" time="8.403" classname="com.sgtesting.dataprovider.LoginLogoutDemo"/>
  <testcase name="login" time="7.932" classname="com.sgtesting.dataprovider.LoginLogoutDemo"/>
  <testcase name="closeApplication" time="0.543" classname="com.sgtesting.dataprovider.LoginLogoutDemo"/>
</testsuite> <!-- login -->
